[2014-06-11 19:34:05] production.ERROR: exception 'Illuminate\Database\QueryException' with message 'SQLSTATE[42S22]: Column not found: 1054 Unknown column 'updated_at' in 'field list' (SQL: insert into `users` (`first_name`, `last_name`, `email`, `password`, `role`, `remember_token`, `recover_token`, `updated_at`, `created_at`) values (Manager, Project, pm@project.manager, y$BWEhh6dZ/jagStlodLp3wugANKE.ViJjBjsIGVvEcgCgQ8W6wYyg6, project manager, , , 2014-06-11 19:34:05, 2014-06-11 19:34:05))' in /Applications/MAMP/htdocs/project-manager/vendor/laravel/framework/src/Illuminate/Database/Connection.php:555
Stack trace:
#0 /Applications/MAMP/htdocs/project-manager/vendor/laravel/framework/src/Illuminate/Database/Connection.php(338): Illuminate\Database\Connection->run('insert into `us...', Array, Object(Closure))
#1 /Applications/MAMP/htdocs/project-manager/vendor/laravel/framework/src/Illuminate/Database/Connection.php(295): Illuminate\Database\Connection->statement('insert into `us...', Array)
#2 /Applications/MAMP/htdocs/project-manager/vendor/laravel/framework/src/Illuminate/Database/Query/Processors/Processor.php(30): Illuminate\Database\Connection->insert('insert into `us...', Array)
#3 /Applications/MAMP/htdocs/project-manager/vendor/laravel/framework/src/Illuminate/Database/Query/Builder.php(1805): Illuminate\Database\Query\Processors\Processor->processInsertGetId(Object(Illuminate\Database\Query\Builder), 'insert into `us...', Array, 'id')
#4 [internal function]: Illuminate\Database\Query\Builder->insertGetId(Array, 'id')
#5 /Applications/MAMP/htdocs/project-manager/vendor/laravel/framework/src/Illuminate/Database/Eloquent/Builder.php(914): call_user_func_array(Array, Array)
#6 /Applications/MAMP/htdocs/project-manager/bootstrap/compiled.php(6581): Illuminate\Database\Eloquent\Builder->__call('insertGetId', Array)
#7 /Applications/MAMP/htdocs/project-manager/bootstrap/compiled.php(6581): Illuminate\Database\Eloquent\Builder->insertGetId(Array, 'id')
#8 /Applications/MAMP/htdocs/project-manager/bootstrap/compiled.php(6571): Illuminate\Database\Eloquent\Model->insertAndSetId(Object(Illuminate\Database\Eloquent\Builder), Array)
#9 /Applications/MAMP/htdocs/project-manager/bootstrap/compiled.php(6528): Illuminate\Database\Eloquent\Model->performInsert(Object(Illuminate\Database\Eloquent\Builder))
#10 /Applications/MAMP/htdocs/project-manager/bootstrap/compiled.php(6205): Illuminate\Database\Eloquent\Model->save()
#11 /Applications/MAMP/htdocs/project-manager/app/database/seeds/UserTableSeeder.php(17): Illuminate\Database\Eloquent\Model::create(Array)
#12 /Applications/MAMP/htdocs/project-manager/vendor/laravel/framework/src/Illuminate/Database/Seeder.php(37): UserTableSeeder->run()
#13 /Applications/MAMP/htdocs/project-manager/app/database/seeds/DatabaseSeeder.php(14): Illuminate\Database\Seeder->call('UserTableSeeder')
#14 /Applications/MAMP/htdocs/project-manager/vendor/laravel/framework/src/Illuminate/Database/Console/SeedCommand.php(57): DatabaseSeeder->run()
#15 /Applications/MAMP/htdocs/project-manager/vendor/laravel/framework/src/Illuminate/Console/Command.php(112): Illuminate\Database\Console\SeedCommand->fire()
#16 /Applications/MAMP/htdocs/project-manager/vendor/symfony/console/Symfony/Component/Console/Command/Command.php(252): Illuminate\Console\Command->execute(Object(Symfony\Component\Console\Input\ArgvInput), Object(Symfony\Component\Console\Output\ConsoleOutput))
#17 /Applications/MAMP/htdocs/project-manager/vendor/laravel/framework/src/Illuminate/Console/Command.php(100): Symfony\Component\Console\Command\Command->run(Object(Symfony\Component\Console\Input\ArgvInput), Object(Symfony\Component\Console\Output\ConsoleOutput))
#18 /Applications/MAMP/htdocs/project-manager/vendor/symfony/console/Symfony/Component/Console/Application.php(887): Illuminate\Console\Command->run(Object(Symfony\Component\Console\Input\ArgvInput), Object(Symfony\Component\Console\Output\ConsoleOutput))
#19 /Applications/MAMP/htdocs/project-manager/vendor/symfony/console/Symfony/Component/Console/Application.php(193): Symfony\Component\Console\Application->doRunCommand(Object(Illuminate\Database\Console\SeedCommand), Object(Symfony\Component\Console\Input\ArgvInput), Object(Symfony\Component\Console\Output\ConsoleOutput))
#20 /Applications/MAMP/htdocs/project-manager/vendor/symfony/console/Symfony/Component/Console/Application.php(124): Symfony\Component\Console\Application->doRun(Object(Symfony\Component\Console\Input\ArgvInput), Object(Symfony\Component\Console\Output\ConsoleOutput))
#21 /Applications/MAMP/htdocs/project-manager/artisan(59): Symfony\Component\Console\Application->run()
#22 {main} [] []
[2014-06-11 19:40:14] production.ERROR: exception 'InvalidArgumentException' with message 'Command "db:rollback" is not defined.

Did you mean one of these?
    migrate:rollback
    db:seed' in /Applications/MAMP/htdocs/project-manager/vendor/symfony/console/Symfony/Component/Console/Application.php:564
Stack trace:
#0 /Applications/MAMP/htdocs/project-manager/vendor/symfony/console/Symfony/Component/Console/Application.php(190): Symfony\Component\Console\Application->find('db:rollback')
#1 /Applications/MAMP/htdocs/project-manager/vendor/symfony/console/Symfony/Component/Console/Application.php(124): Symfony\Component\Console\Application->doRun(Object(Symfony\Component\Console\Input\ArgvInput), Object(Symfony\Component\Console\Output\ConsoleOutput))
#2 /Applications/MAMP/htdocs/project-manager/artisan(59): Symfony\Component\Console\Application->run()
#3 {main} [] []
[2014-06-12 00:12:10] production.ERROR: exception 'Illuminate\Database\QueryException' with message 'SQLSTATE[42S02]: Base table or view not found: 1146 Table 'pm.users' doesn't exist (SQL: delete from `users`)' in /Applications/MAMP/htdocs/project-manager/vendor/laravel/framework/src/Illuminate/Database/Connection.php:555
Stack trace:
#0 /Applications/MAMP/htdocs/project-manager/vendor/laravel/framework/src/Illuminate/Database/Connection.php(362): Illuminate\Database\Connection->run('delete from `us...', Array, Object(Closure))
#1 /Applications/MAMP/htdocs/project-manager/vendor/laravel/framework/src/Illuminate/Database/Connection.php(319): Illuminate\Database\Connection->affectingStatement('delete from `us...', Array)
#2 /Applications/MAMP/htdocs/project-manager/vendor/laravel/framework/src/Illuminate/Database/Query/Builder.php(1872): Illuminate\Database\Connection->delete('delete from `us...', Array)
#3 /Applications/MAMP/htdocs/project-manager/app/database/seeds/UserTableSeeder.php(7): Illuminate\Database\Query\Builder->delete()
#4 /Applications/MAMP/htdocs/project-manager/vendor/laravel/framework/src/Illuminate/Database/Seeder.php(37): UserTableSeeder->run()
#5 /Applications/MAMP/htdocs/project-manager/app/database/seeds/DatabaseSeeder.php(14): Illuminate\Database\Seeder->call('UserTableSeeder')
#6 /Applications/MAMP/htdocs/project-manager/vendor/laravel/framework/src/Illuminate/Database/Console/SeedCommand.php(57): DatabaseSeeder->run()
#7 /Applications/MAMP/htdocs/project-manager/vendor/laravel/framework/src/Illuminate/Console/Command.php(112): Illuminate\Database\Console\SeedCommand->fire()
#8 /Applications/MAMP/htdocs/project-manager/vendor/symfony/console/Symfony/Component/Console/Command/Command.php(252): Illuminate\Console\Command->execute(Object(Symfony\Component\Console\Input\ArgvInput), Object(Symfony\Component\Console\Output\ConsoleOutput))
#9 /Applications/MAMP/htdocs/project-manager/vendor/laravel/framework/src/Illuminate/Console/Command.php(100): Symfony\Component\Console\Command\Command->run(Object(Symfony\Component\Console\Input\ArgvInput), Object(Symfony\Component\Console\Output\ConsoleOutput))
#10 /Applications/MAMP/htdocs/project-manager/vendor/symfony/console/Symfony/Component/Console/Application.php(887): Illuminate\Console\Command->run(Object(Symfony\Component\Console\Input\ArgvInput), Object(Symfony\Component\Console\Output\ConsoleOutput))
#11 /Applications/MAMP/htdocs/project-manager/vendor/symfony/console/Symfony/Component/Console/Application.php(193): Symfony\Component\Console\Application->doRunCommand(Object(Illuminate\Database\Console\SeedCommand), Object(Symfony\Component\Console\Input\ArgvInput), Object(Symfony\Component\Console\Output\ConsoleOutput))
#12 /Applications/MAMP/htdocs/project-manager/vendor/symfony/console/Symfony/Component/Console/Application.php(124): Symfony\Component\Console\Application->doRun(Object(Symfony\Component\Console\Input\ArgvInput), Object(Symfony\Component\Console\Output\ConsoleOutput))
#13 /Applications/MAMP/htdocs/project-manager/artisan(59): Symfony\Component\Console\Application->run()
#14 {main} [] []
[2014-06-13 13:46:25] production.ERROR: exception 'InvalidArgumentException' with message 'Command "g" is not defined.

Did you mean one of these?
    migrate:rollback
    migrate:refresh
    migrate:install
    config:publish
    migrate:publish
    migrate:reset
    migrate:make
    changes
    migrate
    queue:forget
    key:generate' in /Applications/MAMP/htdocs/project-manager/vendor/symfony/console/Symfony/Component/Console/Application.php:564
Stack trace:
#0 /Applications/MAMP/htdocs/project-manager/vendor/symfony/console/Symfony/Component/Console/Application.php(190): Symfony\Component\Console\Application->find('g')
#1 /Applications/MAMP/htdocs/project-manager/vendor/symfony/console/Symfony/Component/Console/Application.php(124): Symfony\Component\Console\Application->doRun(Object(Symfony\Component\Console\Input\ArgvInput), Object(Symfony\Component\Console\Output\ConsoleOutput))
#2 /Applications/MAMP/htdocs/project-manager/artisan(59): Symfony\Component\Console\Application->run()
#3 {main} [] []
[2014-06-13 13:46:36] production.ERROR: exception 'InvalidArgumentException' with message 'Command "model" is not defined.' in /Applications/MAMP/htdocs/project-manager/vendor/symfony/console/Symfony/Component/Console/Application.php:564
Stack trace:
#0 /Applications/MAMP/htdocs/project-manager/vendor/symfony/console/Symfony/Component/Console/Application.php(190): Symfony\Component\Console\Application->find('model')
#1 /Applications/MAMP/htdocs/project-manager/vendor/symfony/console/Symfony/Component/Console/Application.php(124): Symfony\Component\Console\Application->doRun(Object(Symfony\Component\Console\Input\ArgvInput), Object(Symfony\Component\Console\Output\ConsoleOutput))
#2 /Applications/MAMP/htdocs/project-manager/artisan(59): Symfony\Component\Console\Application->run()
#3 {main} [] []
[2014-06-13 13:50:23] production.ERROR: exception 'RuntimeException' with message 'Too many arguments.' in /Applications/MAMP/htdocs/project-manager/vendor/symfony/console/Symfony/Component/Console/Input/ArgvInput.php:181
Stack trace:
#0 /Applications/MAMP/htdocs/project-manager/vendor/symfony/console/Symfony/Component/Console/Input/ArgvInput.php(90): Symfony\Component\Console\Input\ArgvInput->parseArgument('create_proposal...')
#1 /Applications/MAMP/htdocs/project-manager/vendor/symfony/console/Symfony/Component/Console/Input/Input.php(61): Symfony\Component\Console\Input\ArgvInput->parse()
#2 /Applications/MAMP/htdocs/project-manager/vendor/symfony/console/Symfony/Component/Console/Command/Command.php(234): Symfony\Component\Console\Input\Input->bind(Object(Symfony\Component\Console\Input\InputDefinition))
#3 /Applications/MAMP/htdocs/project-manager/vendor/laravel/framework/src/Illuminate/Console/Command.php(100): Symfony\Component\Console\Command\Command->run(Object(Symfony\Component\Console\Input\ArgvInput), Object(Symfony\Component\Console\Output\ConsoleOutput))
#4 /Applications/MAMP/htdocs/project-manager/vendor/symfony/console/Symfony/Component/Console/Application.php(887): Illuminate\Console\Command->run(Object(Symfony\Component\Console\Input\ArgvInput), Object(Symfony\Component\Console\Output\ConsoleOutput))
#5 /Applications/MAMP/htdocs/project-manager/vendor/symfony/console/Symfony/Component/Console/Application.php(193): Symfony\Component\Console\Application->doRunCommand(Object(Illuminate\Database\Console\Migrations\RollbackCommand), Object(Symfony\Component\Console\Input\ArgvInput), Object(Symfony\Component\Console\Output\ConsoleOutput))
#6 /Applications/MAMP/htdocs/project-manager/vendor/symfony/console/Symfony/Component/Console/Application.php(124): Symfony\Component\Console\Application->doRun(Object(Symfony\Component\Console\Input\ArgvInput), Object(Symfony\Component\Console\Output\ConsoleOutput))
#7 /Applications/MAMP/htdocs/project-manager/artisan(59): Symfony\Component\Console\Application->run()
#8 {main} [] []
[2014-06-13 13:51:20] production.ERROR: exception 'RuntimeException' with message 'Too many arguments.' in /Applications/MAMP/htdocs/project-manager/vendor/symfony/console/Symfony/Component/Console/Input/ArgvInput.php:181
Stack trace:
#0 /Applications/MAMP/htdocs/project-manager/vendor/symfony/console/Symfony/Component/Console/Input/ArgvInput.php(90): Symfony\Component\Console\Input\ArgvInput->parseArgument('create_projects...')
#1 /Applications/MAMP/htdocs/project-manager/vendor/symfony/console/Symfony/Component/Console/Input/Input.php(61): Symfony\Component\Console\Input\ArgvInput->parse()
#2 /Applications/MAMP/htdocs/project-manager/vendor/symfony/console/Symfony/Component/Console/Command/Command.php(234): Symfony\Component\Console\Input\Input->bind(Object(Symfony\Component\Console\Input\InputDefinition))
#3 /Applications/MAMP/htdocs/project-manager/vendor/laravel/framework/src/Illuminate/Console/Command.php(100): Symfony\Component\Console\Command\Command->run(Object(Symfony\Component\Console\Input\ArgvInput), Object(Symfony\Component\Console\Output\ConsoleOutput))
#4 /Applications/MAMP/htdocs/project-manager/vendor/symfony/console/Symfony/Component/Console/Application.php(887): Illuminate\Console\Command->run(Object(Symfony\Component\Console\Input\ArgvInput), Object(Symfony\Component\Console\Output\ConsoleOutput))
#5 /Applications/MAMP/htdocs/project-manager/vendor/symfony/console/Symfony/Component/Console/Application.php(193): Symfony\Component\Console\Application->doRunCommand(Object(Illuminate\Database\Console\Migrations\RollbackCommand), Object(Symfony\Component\Console\Input\ArgvInput), Object(Symfony\Component\Console\Output\ConsoleOutput))
#6 /Applications/MAMP/htdocs/project-manager/vendor/symfony/console/Symfony/Component/Console/Application.php(124): Symfony\Component\Console\Application->doRun(Object(Symfony\Component\Console\Input\ArgvInput), Object(Symfony\Component\Console\Output\ConsoleOutput))
#7 /Applications/MAMP/htdocs/project-manager/artisan(59): Symfony\Component\Console\Application->run()
#8 {main} [] []
[2014-06-13 15:12:17] production.ERROR: exception 'Illuminate\Database\QueryException' with message 'SQLSTATE[42S02]: Base table or view not found: 1146 Table 'pm.projects' doesn't exist (SQL: delete from `projects`)' in /Applications/MAMP/htdocs/project-manager/vendor/laravel/framework/src/Illuminate/Database/Connection.php:555
Stack trace:
#0 /Applications/MAMP/htdocs/project-manager/vendor/laravel/framework/src/Illuminate/Database/Connection.php(362): Illuminate\Database\Connection->run('delete from `pr...', Array, Object(Closure))
#1 /Applications/MAMP/htdocs/project-manager/vendor/laravel/framework/src/Illuminate/Database/Connection.php(319): Illuminate\Database\Connection->affectingStatement('delete from `pr...', Array)
#2 /Applications/MAMP/htdocs/project-manager/vendor/laravel/framework/src/Illuminate/Database/Query/Builder.php(1903): Illuminate\Database\Connection->delete('delete from `pr...', Array)
#3 /Applications/MAMP/htdocs/project-manager/app/database/seeds/ProjectTableSeeder.php(7): Illuminate\Database\Query\Builder->delete()
#4 /Applications/MAMP/htdocs/project-manager/vendor/laravel/framework/src/Illuminate/Database/Seeder.php(37): ProjectTableSeeder->run()
#5 /Applications/MAMP/htdocs/project-manager/app/database/seeds/DatabaseSeeder.php(15): Illuminate\Database\Seeder->call('ProjectTableSee...')
#6 /Applications/MAMP/htdocs/project-manager/vendor/laravel/framework/src/Illuminate/Database/Console/SeedCommand.php(57): DatabaseSeeder->run()
#7 /Applications/MAMP/htdocs/project-manager/vendor/laravel/framework/src/Illuminate/Console/Command.php(112): Illuminate\Database\Console\SeedCommand->fire()
#8 /Applications/MAMP/htdocs/project-manager/vendor/symfony/console/Symfony/Component/Console/Command/Command.php(252): Illuminate\Console\Command->execute(Object(Symfony\Component\Console\Input\ArgvInput), Object(Symfony\Component\Console\Output\ConsoleOutput))
#9 /Applications/MAMP/htdocs/project-manager/vendor/laravel/framework/src/Illuminate/Console/Command.php(100): Symfony\Component\Console\Command\Command->run(Object(Symfony\Component\Console\Input\ArgvInput), Object(Symfony\Component\Console\Output\ConsoleOutput))
#10 /Applications/MAMP/htdocs/project-manager/vendor/symfony/console/Symfony/Component/Console/Application.php(887): Illuminate\Console\Command->run(Object(Symfony\Component\Console\Input\ArgvInput), Object(Symfony\Component\Console\Output\ConsoleOutput))
#11 /Applications/MAMP/htdocs/project-manager/vendor/symfony/console/Symfony/Component/Console/Application.php(193): Symfony\Component\Console\Application->doRunCommand(Object(Illuminate\Database\Console\SeedCommand), Object(Symfony\Component\Console\Input\ArgvInput), Object(Symfony\Component\Console\Output\ConsoleOutput))
#12 /Applications/MAMP/htdocs/project-manager/vendor/symfony/console/Symfony/Component/Console/Application.php(124): Symfony\Component\Console\Application->doRun(Object(Symfony\Component\Console\Input\ArgvInput), Object(Symfony\Component\Console\Output\ConsoleOutput))
#13 /Applications/MAMP/htdocs/project-manager/artisan(59): Symfony\Component\Console\Application->run()
#14 {main} [] []
[2014-06-18 18:11:29] production.ERROR: exception 'RuntimeException' with message 'Not enough arguments.' in /Applications/MAMP/htdocs/project-manager/vendor/symfony/console/Symfony/Component/Console/Input/Input.php:77
Stack trace:
#0 /Applications/MAMP/htdocs/project-manager/vendor/symfony/console/Symfony/Component/Console/Command/Command.php(247): Symfony\Component\Console\Input\Input->validate()
#1 /Applications/MAMP/htdocs/project-manager/vendor/laravel/framework/src/Illuminate/Console/Command.php(100): Symfony\Component\Console\Command\Command->run(Object(Symfony\Component\Console\Input\ArgvInput), Object(Symfony\Component\Console\Output\ConsoleOutput))
#2 /Applications/MAMP/htdocs/project-manager/vendor/symfony/console/Symfony/Component/Console/Application.php(887): Illuminate\Console\Command->run(Object(Symfony\Component\Console\Input\ArgvInput), Object(Symfony\Component\Console\Output\ConsoleOutput))
#3 /Applications/MAMP/htdocs/project-manager/vendor/symfony/console/Symfony/Component/Console/Application.php(193): Symfony\Component\Console\Application->doRunCommand(Object(Way\Generators\Commands\ControllerGeneratorCommand), Object(Symfony\Component\Console\Input\ArgvInput), Object(Symfony\Component\Console\Output\ConsoleOutput))
#4 /Applications/MAMP/htdocs/project-manager/vendor/symfony/console/Symfony/Component/Console/Application.php(124): Symfony\Component\Console\Application->doRun(Object(Symfony\Component\Console\Input\ArgvInput), Object(Symfony\Component\Console\Output\ConsoleOutput))
#5 /Applications/MAMP/htdocs/project-manager/artisan(59): Symfony\Component\Console\Application->run()
#6 {main} [] []
